<?xml version="1.0" encoding="UTF-8"?>
<!-- Generated by org.testng.reporters.JUnitXMLReporter -->
<testsuite hostname="DESKTOP-VDML5CQ" ignored="2" name="Test" tests="1" failures="0" timestamp="2020-02-07T15:05:28 IST" time="31.259" errors="0">
  <testcase name="testInvalidLogin" time="18.563" classname="scripts.InValidLogin_Test"/>
  <testcase name="tesValidlogin" time="0.0" classname="scripts.ValidLogin_Test">
    <ignored/>
  </testcase> <!-- tesValidlogin -->
  <testcase name="testProductVerson" time="0.0" classname="scripts.VerifyProductVersion_Test">
    <ignored/>
  </testcase> <!-- testProductVerson -->
</testsuite> <!-- Test -->
