<?xml version="1.0" encoding="UTF-8"?>
<testng-results skipped="0" failed="0" ignored="2" total="3" passed="1">
  <reporter-output>
    <line>
      <![CDATA[testInvalidLogin is PASSED]]>
    </line>
  </reporter-output>
  <suite name="Suite" duration-ms="31259" started-at="2020-02-07T15:04:57 IST" finished-at="2020-02-07T15:05:28 IST">
    <groups>
      <group name="login">
        <method signature="InValidLogin_Test.testInvalidLogin()[pri:2, instance:scripts.InValidLogin_Test@22a67b4]" name="testInvalidLogin" class="scripts.InValidLogin_Test"/>
      </group> <!-- login -->
    </groups>
    <test name="Test" duration-ms="31259" started-at="2020-02-07T15:04:57 IST" finished-at="2020-02-07T15:05:28 IST">
      <class name="scripts.InValidLogin_Test">
        <test-method status="PASS" signature="openApp()[pri:0, instance:scripts.InValidLogin_Test@22a67b4]" name="openApp" is-config="true" duration-ms="11745" started-at="2020-02-07T15:04:57 IST" finished-at="2020-02-07T15:05:09 IST">
          <reporter-output>
          </reporter-output>
        </test-method> <!-- openApp -->
        <test-method status="PASS" signature="testInvalidLogin()[pri:2, instance:scripts.InValidLogin_Test@22a67b4]" name="testInvalidLogin" duration-ms="18563" started-at="2020-02-07T15:05:09 IST" finished-at="2020-02-07T15:05:27 IST">
          <reporter-output>
          </reporter-output>
        </test-method> <!-- testInvalidLogin -->
        <test-method status="PASS" signature="closeApp(org.testng.ITestResult)[pri:0, instance:scripts.InValidLogin_Test@22a67b4]" name="closeApp" is-config="true" duration-ms="898" started-at="2020-02-07T15:05:27 IST" finished-at="2020-02-07T15:05:28 IST">
          <params>
            <param index="0">
              <value>
                <![CDATA[[TestResult name=testInvalidLogin status=SUCCESS method=InValidLogin_Test.testInvalidLogin()[pri:2, instance:scripts.InValidLogin_Test@22a67b4] output={null}]]]>
              </value>
            </param>
          </params>
          <reporter-output>
            <line>
              <![CDATA[testInvalidLogin is PASSED]]>
            </line>
          </reporter-output>
        </test-method> <!-- closeApp -->
      </class> <!-- scripts.InValidLogin_Test -->
    </test> <!-- Test -->
  </suite> <!-- Suite -->
</testng-results>
